<?xml version="1.0" encoding="UTF-8"?>
<!-- Generated by org.testng.reporters.JUnitXMLReporter -->
<testsuite hostname="Dell-PC" ignored="2" name="Test" tests="7" failures="0" timestamp="2020-04-11T12:32:21 IST" time="76.671" errors="0">
  <testcase name="@BeforeMethod setup" time="3.932" classname="com.qa.setp.test.SeleniumEasyHomePageTest">
    <failure type="org.openqa.selenium.WebDriverException" message="unknown error: cannot determine loading status
from disconnected: Unable to receive message from renderer
  (Session info: chrome=80.0.3987.163)
  (Driver info: chromedriver=72.0.3626.69 (3c16f8a135abc0d4da2dff33804db79b849a7c38),platform=Windows NT 6.1.7601 SP1 x86_64) (WARNING: The server did not provide any stacktrace information)
Command duration or timeout: 0 milliseconds
Build info: version: &amp;apos;3.141.59&amp;apos;, revision: &amp;apos;e82be7d358&amp;apos;, time: &amp;apos;2018-11-14T08:17:03&amp;apos;
System info: host: &amp;apos;DELL-PC&amp;apos;, ip: &amp;apos;192.168.1.8&amp;apos;, os.name: &amp;apos;Windows 7&amp;apos;, os.arch: &amp;apos;amd64&amp;apos;, os.version: &amp;apos;6.1&amp;apos;, java.version: &amp;apos;1.8.0_201&amp;apos;
Driver info: org.openqa.selenium.chrome.ChromeDriver
Capabilities {acceptInsecureCerts: false, acceptSslCerts: false, applicationCacheEnabled: false, browserConnectionEnabled: false, browserName: chrome, chrome: {chromedriverVersion: 72.0.3626.69 (3c16f8a135abc..., userDataDir: C:\Users\Dell\AppData\Local...}, cssSelectorsEnabled: true, databaseEnabled: false, goog:chromeOptions: {debuggerAddress: localhost:52943}, handlesAlerts: true, hasTouchScreen: false, javascriptEnabled: true, locationContextEnabled: true, mobileEmulationEnabled: false, nativeEvents: true, networkConnectionEnabled: false, pageLoadStrategy: normal, platform: XP, platformName: XP, proxy: Proxy(), rotatable: false, setWindowRect: true, takesHeapSnapshot: true, takesScreenshot: true, timeouts: {implicit: 0, pageLoad: 300000, script: 30000}, unexpectedAlertBehaviour: ignore, unhandledPromptBehavior: ignore, version: 80.0.3987.163, webStorageEnabled: true}
Session ID: b247587e755dc8df2bb86588d42ca2df">
      <![CDATA[org.openqa.selenium.WebDriverException: unknown error: cannot determine loading status
from disconnected: Unable to receive message from renderer
  (Session info: chrome=80.0.3987.163)
  (Driver info: chromedriver=72.0.3626.69 (3c16f8a135abc0d4da2dff33804db79b849a7c38),platform=Windows NT 6.1.7601 SP1 x86_64) (WARNING: The server did not provide any stacktrace information)
Command duration or timeout: 0 milliseconds
Build info: version: '3.141.59', revision: 'e82be7d358', time: '2018-11-14T08:17:03'
System info: host: 'DELL-PC', ip: '192.168.1.8', os.name: 'Windows 7', os.arch: 'amd64', os.version: '6.1', java.version: '1.8.0_201'
Driver info: org.openqa.selenium.chrome.ChromeDriver
Capabilities {acceptInsecureCerts: false, acceptSslCerts: false, applicationCacheEnabled: false, browserConnectionEnabled: false, browserName: chrome, chrome: {chromedriverVersion: 72.0.3626.69 (3c16f8a135abc..., userDataDir: C:\Users\Dell\AppData\Local...}, cssSelectorsEnabled: true, databaseEnabled: false, goog:chromeOptions: {debuggerAddress: localhost:52943}, handlesAlerts: true, hasTouchScreen: false, javascriptEnabled: true, locationContextEnabled: true, mobileEmulationEnabled: false, nativeEvents: true, networkConnectionEnabled: false, pageLoadStrategy: normal, platform: XP, platformName: XP, proxy: Proxy(), rotatable: false, setWindowRect: true, takesHeapSnapshot: true, takesScreenshot: true, timeouts: {implicit: 0, pageLoad: 300000, script: 30000}, unexpectedAlertBehaviour: ignore, unhandledPromptBehavior: ignore, version: 80.0.3987.163, webStorageEnabled: true}
Session ID: b247587e755dc8df2bb86588d42ca2df
at org.openqa.selenium.remote.ErrorHandler.createThrowable(ErrorHandler.java:214)
at org.openqa.selenium.remote.ErrorHandler.throwIfResponseFailed(ErrorHandler.java:166)
at org.openqa.selenium.remote.http.JsonHttpResponseCodec.reconstructValue(JsonHttpResponseCodec.java:40)
at org.openqa.selenium.remote.http.AbstractHttpResponseCodec.decode(AbstractHttpResponseCodec.java:80)
at org.openqa.selenium.remote.http.AbstractHttpResponseCodec.decode(AbstractHttpResponseCodec.java:44)
at org.openqa.selenium.remote.HttpCommandExecutor.execute(HttpCommandExecutor.java:158)
at org.openqa.selenium.remote.service.DriverCommandExecutor.execute(DriverCommandExecutor.java:83)
at org.openqa.selenium.remote.RemoteWebDriver.execute(RemoteWebDriver.java:552)
at org.openqa.selenium.remote.RemoteWebDriver.get(RemoteWebDriver.java:277)
at com.qa.setp.base.TestBase.initialize(TestBase.java:67)
at com.qa.setp.test.SeleniumEasyHomePageTest.setup(SeleniumEasyHomePageTest.java:57)
at java.util.ArrayList.forEach(ArrayList.java:1257)
... Removed 35 stack frames]]>
    </failure>
  </testcase> <!-- @BeforeMethod setup -->
  <testcase name="@AfterMethod tearDown" time="-1.586588541377E9" classname="com.qa.setp.test.SeleniumEasyHomePageTest">
    <skipped/>
  </testcase> <!-- @AfterMethod tearDown -->
  <testcase name="@BeforeMethod setup" time="-1.586588541382E9" classname="com.qa.setp.test.SeleniumEasyHomePageTest">
    <skipped/>
  </testcase> <!-- @BeforeMethod setup -->
  <testcase name="@AfterMethod tearDown" time="-1.586588541446E9" classname="com.qa.setp.test.SeleniumEasyHomePageTest">
    <skipped/>
  </testcase> <!-- @AfterMethod tearDown -->
  <testcase name="@BeforeMethod setup" time="-1.586588541464E9" classname="com.qa.setp.test.SeleniumEasyHomePageTest">
    <skipped/>
  </testcase> <!-- @BeforeMethod setup -->
  <testcase name="@AfterMethod tearDown" time="-1.58658854148E9" classname="com.qa.setp.test.SeleniumEasyHomePageTest">
    <skipped/>
  </testcase> <!-- @AfterMethod tearDown -->
  <testcase name="@BeforeMethod setup" time="-1.58658854148E9" classname="com.qa.setp.test.SeleniumEasyHomePageTest">
    <skipped/>
  </testcase> <!-- @BeforeMethod setup -->
  <testcase name="@AfterMethod tearDown" time="-1.58658854148E9" classname="com.qa.setp.test.SeleniumEasyHomePageTest">
    <skipped/>
  </testcase> <!-- @AfterMethod tearDown -->
  <testcase name="@BeforeMethod setup" time="-1.586588541495E9" classname="com.qa.setp.test.SeleniumEasyHomePageTest">
    <skipped/>
  </testcase> <!-- @BeforeMethod setup -->
  <testcase name="@AfterMethod tearDown" time="-1.586588541569E9" classname="com.qa.setp.test.SeleniumEasyHomePageTest">
    <skipped/>
  </testcase> <!-- @AfterMethod tearDown -->
  <testcase name="verifySearchTextBox" time="12.936" classname="com.qa.setp.test.SeleniumEasyHomePageTest"/>
  <testcase name="verifySearchTextBox" time="33.047" classname="com.qa.setp.test.SeleniumEasyHomePageTest"/>
  <testcase name="verifySearchTextBox" time="0.0" classname="com.qa.setp.test.SeleniumEasyHomePageTest">
    <skipped/>
  </testcase> <!-- verifySearchTextBox -->
  <testcase name="verifySearchTextBox" time="0.0" classname="com.qa.setp.test.SeleniumEasyHomePageTest">
    <skipped/>
  </testcase> <!-- verifySearchTextBox -->
  <testcase name="verifySearchTextBox" time="0.0" classname="com.qa.setp.test.SeleniumEasyHomePageTest">
    <skipped/>
  </testcase> <!-- verifySearchTextBox -->
  <testcase name="verifySearchTextBox" time="0.0" classname="com.qa.setp.test.SeleniumEasyHomePageTest">
    <skipped/>
  </testcase> <!-- verifySearchTextBox -->
  <testcase name="verifySearchTextBox" time="0.0" classname="com.qa.setp.test.SeleniumEasyHomePageTest">
    <skipped/>
  </testcase> <!-- verifySearchTextBox -->
  <testcase name="verifyLogoLink" time="0.0" classname="com.qa.setp.test.SeleniumEasyHomePageTest">
    <ignored/>
  </testcase> <!-- verifyLogoLink -->
  <testcase name="verifyDemoLink" time="0.0" classname="com.qa.setp.test.SeleniumEasyHomePageTest">
    <ignored/>
  </testcase> <!-- verifyDemoLink -->
</testsuite> <!-- Test -->
